{
  "RSpec": {
    "coverage": {
      "/Users/tyler/hairfolio/app/helpers/application_helper.rb": [
        1,
        null
      ],
      "/Users/tyler/hairfolio/lib/spec/api_constraints_spec.rb": [
        1,
        null,
        1,
        2,
        2,
        null,
        1,
        null,
        1,
        1,
        1,
        null,
        null,
        1,
        1,
        1,
        null,
        null,
        null
      ],
      "/Users/tyler/hairfolio/spec/support/request_helpers.rb": [
        1,
        1,
        1,
        1,
        null,
        null,
        null,
        1,
        null,
        1,
        1,
        null,
        null,
        null
      ],
      "/Users/tyler/hairfolio/app/controllers/api/v1/posts_controller.rb": [
        1,
        1,
        1,
        null,
        1,
        1,
        1,
        1,
        1,
        1,
        1,
        null,
        null,
        1,
        0,
        0,
        0,
        null,
        0,
        null,
        null,
        null,
        1,
        0,
        0,
        null,
        0,
        null,
        null,
        null,
        1,
        0,
        0,
        null,
        null,
        1,
        null,
        1,
        0,
        null,
        null,
        1,
        0,
        null,
        null,
        null
      ],
      "/Users/tyler/hairfolio/app/controllers/application_controller.rb": [
        1,
        1,
        1,
        1,
        1,
        1,
        null,
        1,
        null,
        1,
        null,
        null,
        null,
        null,
        null,
        null,
        1,
        null,
        null,
        1,
        0,
        null,
        null
      ],
      "/Users/tyler/hairfolio/app/controllers/concerns/authenticable.rb": [
        1,
        null,
        1,
        5,
        0,
        null,
        5,
        null,
        null,
        null,
        1,
        1,
        null,
        null,
        1,
        1,
        null,
        null,
        null
      ],
      "/Users/tyler/hairfolio/app/models/line.rb": [
        1,
        1,
        1,
        1,
        null
      ],
      "/Users/tyler/hairfolio/app/models/brand.rb": [
        1,
        1,
        1,
        2,
        null
      ],
      "/Users/tyler/hairfolio/app/models/post.rb": [
        1,
        1,
        1,
        1,
        1,
        1,
        1,
        1,
        1,
        1,
        1,
        2,
        1,
        null
      ],
      "/Users/tyler/hairfolio/app/models/photo.rb": [
        1,
        1,
        1,
        1,
        1,
        1,
        null
      ],
      "/Users/tyler/hairfolio/app/models/label.rb": [
        1,
        1,
        1,
        1,
        1,
        1,
        null,
        1,
        null
      ],
      "/Users/tyler/hairfolio/app/models/formula.rb": [
        1,
        1,
        1,
        1,
        1,
        1,
        1,
        1,
        null
      ],
      "/Users/tyler/hairfolio/app/models/service.rb": [
        1,
        1,
        1,
        null
      ],
      "/Users/tyler/hairfolio/app/models/treatment.rb": [
        1,
        1,
        1,
        1,
        null
      ],
      "/Users/tyler/hairfolio/app/models/color.rb": [
        1,
        1,
        1,
        null,
        1,
        1,
        1,
        1,
        null
      ],
      "/Users/tyler/hairfolio/app/models/harmony.rb": [
        1,
        1,
        1,
        1,
        null
      ],
      "/Users/tyler/hairfolio/app/models/like.rb": [
        1,
        1,
        1,
        1,
        1,
        1,
        1,
        null,
        1,
        1,
        null,
        null
      ],
      "/Users/tyler/hairfolio/app/models/notification.rb": [
        1,
        1,
        1,
        1,
        1,
        null
      ],
      "/Users/tyler/hairfolio/app/serializers/post_serializer.rb": [
        1,
        1,
        1,
        1,
        1,
        null,
        1,
        1,
        null,
        null,
        null
      ],
      "/Users/tyler/hairfolio/app/serializers/photo_serializer.rb": [
        1,
        1,
        null,
        1,
        2,
        null,
        null,
        null
      ],
      "/Users/tyler/hairfolio/app/models/video.rb": [
        1,
        1,
        1,
        null
      ],
      "/Users/tyler/hairfolio/app/serializers/user_serializer.rb": [
        1,
        1,
        1,
        1,
        1,
        1,
        null,
        1,
        1,
        null,
        null,
        1,
        1,
        null,
        null,
        1,
        1,
        null,
        null,
        1,
        1,
        null,
        null,
        1,
        1,
        null,
        null,
        1,
        1,
        null,
        null,
        1,
        1,
        null,
        null
      ],
      "/Users/tyler/hairfolio/app/serializers/label_serializer.rb": [
        1,
        1,
        null,
        1,
        1,
        null,
        null,
        1,
        2,
        null,
        null,
        1,
        1,
        null,
        null
      ],
      "/Users/tyler/hairfolio/app/serializers/tag_serializer.rb": [
        1,
        1,
        null,
        1,
        1,
        null,
        null
      ],
      "/Users/tyler/hairfolio/app/serializers/formula_serializer.rb": [
        1,
        1,
        1,
        null,
        1,
        1,
        null,
        null,
        1,
        2,
        null,
        null
      ],
      "/Users/tyler/hairfolio/app/serializers/service_serializer.rb": [
        1,
        1,
        null,
        null
      ],
      "/Users/tyler/hairfolio/app/serializers/treatment_serializer.rb": [
        1,
        1,
        null,
        1,
        1,
        null,
        null
      ],
      "/Users/tyler/hairfolio/app/serializers/color_serializer.rb": [
        1,
        1,
        null
      ],
      "/Users/tyler/hairfolio/app/serializers/line_serializer.rb": [
        1,
        1,
        null,
        1,
        1,
        null,
        null,
        1,
        1,
        null,
        null
      ],
      "/Users/tyler/hairfolio/app/serializers/brand_serializer.rb": [
        1,
        1,
        1,
        null,
        null
      ],
      "/Users/tyler/hairfolio/app/models/offering.rb": [
        1,
        1,
        1,
        1,
        1,
        null
      ],
      "/Users/tyler/hairfolio/app/models/follow.rb": [
        1,
        1,
        1,
        1,
        1,
        1,
        null,
        1,
        0,
        null,
        null
      ],
      "/Users/tyler/hairfolio/app/models/conversation.rb": [
        1,
        1,
        null,
        1,
        1,
        2,
        1,
        null,
        null,
        1,
        null,
        1,
        0,
        null,
        null,
        1,
        0,
        0,
        0,
        null,
        null,
        1,
        null,
        1,
        0,
        null,
        null
      ],
      "/Users/tyler/hairfolio/app/models/message.rb": [
        1,
        1,
        1,
        1,
        1,
        null
      ]
    },
    "timestamp": 1483030980
  }
}
