{
  "RSpec": {
    "coverage": {
      "/Users/tyler/hairfolio_api_v2/app/helpers/application_helper.rb": [
        1,
        null
      ],
      "/Users/tyler/hairfolio_api_v2/lib/spec/api_constraints_spec.rb": [
        1,
        null,
        1,
        2,
        2,
        null,
        1,
        null,
        1,
        1,
        1,
        null,
        null,
        1,
        1,
        1,
        null,
        null,
        null
      ],
      "/Users/tyler/hairfolio_api_v2/spec/support/request_helpers.rb": [
        1,
        1,
        1,
        145,
        null,
        null,
        null,
        1,
        null,
        1,
        96,
        null,
        null,
        null
      ],
      "/Users/tyler/hairfolio_api_v2/app/controllers/api/v1/blocks_controller.rb": [
        1,
        1,
        1,
        null,
        1,
        1,
        1,
        1,
        1,
        null,
        null,
        1,
        2,
        1,
        1,
        null,
        null,
        1,
        1,
        1,
        null,
        null,
        1,
        null,
        1,
        5,
        null,
        null
      ],
      "/Users/tyler/hairfolio_api_v2/app/controllers/application_controller.rb": [
        1,
        1,
        1,
        1,
        1,
        1,
        null,
        1,
        null,
        1,
        35,
        null,
        null,
        null,
        null,
        null,
        null,
        null,
        null,
        1,
        5,
        null,
        null
      ],
      "/Users/tyler/hairfolio_api_v2/app/controllers/concerns/authenticable.rb": [
        1,
        null,
        1,
        522,
        41,
        null,
        481,
        null,
        null,
        null,
        1,
        85,
        null,
        null,
        1,
        85,
        null,
        null,
        null
      ],
      "/Users/tyler/hairfolio_api_v2/spec/controllers/api/v1/brands_controller_spec.rb": [
        1,
        null,
        1,
        null,
        1,
        null,
        1,
        1,
        1,
        1,
        1,
        1,
        null,
        null,
        null,
        1,
        null,
        1,
        1,
        1,
        1,
        null,
        null,
        null
      ],
      "/Users/tyler/hairfolio_api_v2/app/controllers/api/v1/brands_controller.rb": [
        1,
        null,
        1,
        1,
        1,
        1,
        null,
        null,
        1,
        1,
        null,
        null,
        null
      ],
      "/Users/tyler/hairfolio_api_v2/spec/controllers/api/v1/categories_controller_spec.rb": [
        1,
        null,
        1,
        null,
        2,
        null,
        1,
        1,
        null,
        null,
        1,
        1,
        1,
        1,
        null,
        null,
        null
      ],
      "/Users/tyler/hairfolio_api_v2/app/controllers/api/v1/categories_controller.rb": [
        1,
        null,
        1,
        1,
        1,
        null,
        null,
        null
      ],
      "/Users/tyler/hairfolio_api_v2/spec/controllers/api/v1/certificates_controller_spec.rb": [
        1,
        null,
        1,
        null,
        1,
        null,
        1,
        1,
        1,
        1,
        null,
        null,
        null,
        1,
        null,
        1,
        1,
        1,
        1,
        null,
        null,
        null
      ],
      "/Users/tyler/hairfolio_api_v2/app/controllers/api/v1/certificates_controller.rb": [
        1,
        null,
        1,
        1,
        1,
        null,
        null,
        1,
        1,
        null,
        null
      ],
      "/Users/tyler/hairfolio_api_v2/spec/controllers/api/v1/comments_controller_spec.rb": [
        1,
        null,
        1,
        null,
        7,
        7,
        null,
        1,
        6,
        null,
        null,
        1,
        null,
        1,
        1,
        1,
        null,
        null,
        null,
        1,
        1,
        1,
        1,
        1,
        1,
        null,
        null,
        null,
        1,
        1,
        1,
        1,
        null,
        null,
        null,
        null,
        1,
        1,
        1,
        1,
        1,
        null,
        null,
        null,
        1,
        1,
        1,
        1,
        null,
        null,
        null,
        null,
        1,
        1,
        1,
        1,
        null,
        null,
        null
      ],
      "/Users/tyler/hairfolio_api_v2/app/controllers/api/v1/comments_controller.rb": [
        1,
        1,
        1,
        1,
        null,
        1,
        2,
        2,
        2,
        1,
        null,
        1,
        null,
        null,
        null,
        1,
        1,
        1,
        null,
        null,
        1,
        2,
        1,
        null,
        1,
        null,
        null,
        null,
        1,
        1,
        1,
        null,
        null,
        1,
        null,
        1,
        6,
        null,
        null,
        1,
        3,
        null,
        null,
        1,
        4,
        null,
        null,
        null
      ],
      "/Users/tyler/hairfolio_api_v2/spec/controllers/api/v1/contacts_controller_spec.rb": [
        1,
        null,
        1,
        null,
        8,
        null,
        1,
        7,
        null,
        null,
        1,
        null,
        1,
        1,
        1,
        1,
        null,
        null,
        null,
        1,
        null,
        1,
        1,
        1,
        1,
        1,
        null,
        null,
        null,
        1,
        1,
        1,
        1,
        1,
        1,
        1,
        1,
        1,
        1,
        null,
        null,
        null,
        1,
        1,
        1,
        1,
        1,
        1,
        1,
        null,
        null,
        null,
        null,
        1,
        1,
        1,
        1,
        1,
        1,
        null,
        null,
        null,
        1,
        1,
        1,
        1,
        1,
        null,
        null,
        null,
        null,
        1,
        1,
        1,
        1,
        1,
        null,
        null,
        null
      ],
      "/Users/tyler/hairfolio_api_v2/app/controllers/api/v1/contacts_controller.rb": [
        1,
        1,
        1,
        null,
        1,
        1,
        1,
        null,
        null,
        1,
        1,
        null,
        null,
        1,
        2,
        1,
        null,
        1,
        null,
        null,
        null,
        1,
        2,
        2,
        1,
        null,
        1,
        null,
        null,
        null,
        1,
        1,
        1,
        null,
        null,
        1,
        null,
        1,
        4,
        null,
        null,
        1,
        4,
        null,
        null
      ],
      "/Users/tyler/hairfolio_api_v2/spec/controllers/api/v1/conversations_controller_spec.rb": [
        1,
        null,
        1,
        null,
        8,
        null,
        1,
        7,
        null,
        null,
        1,
        null,
        1,
        1,
        1,
        1,
        1,
        null,
        null,
        null,
        1,
        null,
        1,
        1,
        1,
        1,
        1,
        null,
        null,
        null,
        1,
        1,
        1,
        1,
        1,
        1,
        1,
        1,
        null,
        null,
        null,
        1,
        1,
        1,
        1,
        1,
        1,
        1,
        1,
        null,
        null,
        null,
        null,
        1,
        1,
        1,
        1,
        1,
        1,
        1,
        null,
        null,
        null,
        1,
        1,
        1,
        1,
        1,
        null,
        null,
        null,
        null,
        1,
        1,
        1,
        1,
        1,
        null,
        null,
        null
      ],
      "/Users/tyler/hairfolio_api_v2/app/controllers/api/v1/conversations_controller.rb": [
        1,
        1,
        1,
        null,
        1,
        1,
        1,
        null,
        null,
        1,
        2,
        1,
        null,
        1,
        null,
        null,
        null,
        1,
        2,
        2,
        1,
        null,
        1,
        null,
        null,
        null,
        1,
        1,
        1,
        null,
        null,
        1,
        1,
        1,
        null,
        null,
        1,
        null,
        1,
        4,
        null,
        null,
        1,
        4,
        null,
        null
      ],
      "/Users/tyler/hairfolio_api_v2/spec/controllers/api/v1/degrees_controller_spec.rb": [
        1,
        null,
        1,
        null,
        1,
        null,
        1,
        1,
        1,
        1,
        null,
        null,
        null,
        1,
        null,
        1,
        1,
        1,
        1,
        null,
        null,
        null
      ],
      "/Users/tyler/hairfolio_api_v2/app/controllers/api/v1/degrees_controller.rb": [
        1,
        null,
        1,
        1,
        1,
        null,
        null,
        1,
        1,
        null,
        null
      ],
      "/Users/tyler/hairfolio_api_v2/spec/controllers/api/v1/educations_controller_spec.rb": [
        1,
        null,
        1,
        null,
        8,
        6,
        null,
        1,
        7,
        null,
        null,
        1,
        null,
        1,
        1,
        1,
        1,
        null,
        null,
        null,
        1,
        1,
        1,
        1,
        1,
        null,
        null,
        null,
        1,
        1,
        1,
        1,
        1,
        1,
        null,
        null,
        null,
        1,
        1,
        1,
        1,
        1,
        1,
        null,
        null,
        null,
        null,
        1,
        1,
        1,
        1,
        1,
        null,
        null,
        null,
        1,
        1,
        1,
        1,
        null,
        null,
        null,
        null,
        1,
        1,
        1,
        1,
        1,
        null,
        null,
        null
      ],
      "/Users/tyler/hairfolio_api_v2/app/controllers/api/v1/educations_controller.rb": [
        1,
        1,
        1,
        1,
        null,
        1,
        1,
        1,
        null,
        null,
        1,
        1,
        null,
        null,
        1,
        2,
        1,
        null,
        1,
        null,
        null,
        null,
        1,
        2,
        2,
        1,
        null,
        1,
        null,
        null,
        null,
        1,
        1,
        1,
        null,
        null,
        1,
        null,
        1,
        4,
        null,
        null,
        1,
        4,
        null,
        null,
        1,
        7,
        null,
        null
      ],
      "/Users/tyler/hairfolio_api_v2/spec/controllers/api/v1/experiences_controller_spec.rb": [
        1,
        null,
        1,
        null,
        1,
        null,
        1,
        1,
        1,
        1,
        null,
        null,
        null
      ],
      "/Users/tyler/hairfolio_api_v2/app/controllers/api/v1/experiences_controller.rb": [
        1,
        null,
        1,
        1,
        1,
        null,
        null,
        null
      ],
      "/Users/tyler/hairfolio_api_v2/spec/controllers/api/v1/folios_controller_spec.rb": [
        1,
        null,
        1,
        null,
        11,
        11,
        null,
        1,
        10,
        10,
        null,
        null,
        1,
        null,
        1,
        1,
        1,
        null,
        null,
        null,
        1,
        null,
        1,
        1,
        1,
        1,
        null,
        null,
        null,
        null,
        1,
        1,
        1,
        1,
        1,
        1,
        1,
        null,
        null,
        null,
        1,
        1,
        1,
        1,
        1,
        null,
        null,
        null,
        null,
        1,
        1,
        1,
        1,
        1,
        1,
        1,
        null,
        null,
        1,
        1,
        1,
        1,
        1,
        null,
        null,
        null,
        1,
        1,
        1,
        1,
        1,
        null,
        null,
        null,
        null,
        1,
        null,
        1,
        1,
        1,
        null,
        null,
        null,
        1,
        2,
        null,
        1,
        1,
        1,
        1,
        null,
        null,
        null,
        null,
        1,
        2,
        null,
        1,
        1,
        1,
        1,
        1,
        null,
        null,
        null
      ],
      "/Users/tyler/hairfolio_api_v2/app/controllers/api/v1/folios_controller.rb": [
        1,
        1,
        1,
        null,
        1,
        1,
        1,
        null,
        null,
        1,
        2,
        2,
        1,
        null,
        1,
        null,
        null,
        null,
        1,
        3,
        3,
        2,
        null,
        1,
        null,
        null,
        null,
        1,
        1,
        1,
        1,
        null,
        null,
        1,
        1,
        1,
        1,
        null,
        null,
        1,
        1,
        1,
        1,
        null,
        null,
        1,
        1,
        1,
        null,
        null,
        1,
        null,
        1,
        3,
        null,
        null,
        1,
        5,
        null,
        null,
        null
      ],
      "/Users/tyler/hairfolio_api_v2/spec/controllers/api/v1/follows_controller_spec.rb": [
        1,
        null,
        1,
        8,
        8,
        null,
        1,
        7,
        null,
        null,
        1,
        null,
        1,
        1,
        1,
        1,
        null,
        null,
        1,
        1,
        1,
        1,
        null,
        null,
        1,
        1,
        1,
        1,
        1,
        null,
        null,
        null,
        1,
        1,
        1,
        1,
        1,
        null,
        null,
        null,
        1,
        1,
        1,
        1,
        1,
        null,
        null,
        null,
        null,
        1,
        1,
        1,
        1,
        1,
        1,
        null,
        null,
        null,
        1,
        1,
        1,
        1,
        null,
        null,
        null,
        null
      ],
      "/Users/tyler/hairfolio_api_v2/app/controllers/api/v1/follows_controller.rb": [
        1,
        1,
        1,
        null,
        1,
        1,
        1,
        1,
        null,
        null,
        1,
        2,
        1,
        1,
        null,
        null,
        1,
        3,
        1,
        2,
        1,
        null,
        1,
        null,
        3,
        null,
        null,
        1,
        null,
        1,
        7,
        null,
        null,
        null
      ],
      "/Users/tyler/hairfolio_api_v2/spec/controllers/api/v1/harmonies_controller_spec.rb": [
        1,
        null,
        1,
        null,
        1,
        null,
        1,
        1,
        1,
        1,
        1,
        1,
        null,
        null,
        1,
        1,
        1,
        1,
        1,
        1,
        null,
        null,
        null,
        null
      ],
      "/Users/tyler/hairfolio_api_v2/app/controllers/api/v1/harmonies_controller.rb": [
        1,
        null,
        1,
        2,
        2,
        2,
        null,
        null,
        null
      ],
      "/Users/tyler/hairfolio_api_v2/spec/controllers/api/v1/home_controller_spec.rb": [
        1,
        null,
        1,
        null,
        1,
        null,
        1,
        1,
        1,
        null,
        null,
        null
      ],
      "/Users/tyler/hairfolio_api_v2/app/controllers/api/v1/home_controller.rb": [
        1,
        1,
        1,
        null,
        null,
        null
      ],
      "/Users/tyler/hairfolio_api_v2/spec/controllers/api/v1/likes_controller_spec.rb": [
        1,
        null,
        1,
        null,
        6,
        6,
        4,
        null,
        1,
        5,
        null,
        null,
        1,
        null,
        1,
        1,
        1,
        1,
        null,
        null,
        null,
        null,
        1,
        1,
        1,
        1,
        1,
        null,
        null,
        null,
        1,
        1,
        1,
        1,
        1,
        null,
        null,
        null,
        null,
        1,
        1,
        1,
        1,
        1,
        null,
        null,
        1,
        1,
        1,
        null,
        null,
        null
      ],
      "/Users/tyler/hairfolio_api_v2/app/controllers/api/v1/likes_controller.rb": [
        1,
        1,
        1,
        null,
        1,
        1,
        1,
        null,
        null,
        1,
        2,
        2,
        1,
        null,
        1,
        null,
        null,
        null,
        1,
        2,
        1,
        1,
        null,
        null,
        1,
        null,
        1,
        5,
        null,
        null,
        null
      ],
      "/Users/tyler/hairfolio_api_v2/spec/controllers/api/v1/lines_controller_spec.rb": [
        1,
        null,
        1,
        null,
        3,
        null,
        1,
        2,
        null,
        null,
        1,
        1,
        1,
        1,
        null,
        null,
        1,
        1,
        1,
        null,
        null,
        null
      ],
      "/Users/tyler/hairfolio_api_v2/app/controllers/api/v1/lines_controller.rb": [
        1,
        null,
        1,
        2,
        2,
        2,
        null,
        null,
        null
      ],
      "/Users/tyler/hairfolio_api_v2/spec/controllers/api/v1/messages_controller_spec.rb": [
        1,
        null,
        1,
        null,
        8,
        8,
        null,
        1,
        7,
        null,
        null,
        1,
        null,
        1,
        1,
        1,
        1,
        null,
        null,
        null,
        1,
        null,
        1,
        1,
        1,
        null,
        null,
        null,
        1,
        null,
        1,
        1,
        1,
        null,
        null,
        null,
        1,
        1,
        1,
        1,
        1,
        1,
        null,
        null,
        null,
        null,
        1,
        1,
        1,
        1,
        1,
        1,
        null,
        null,
        null,
        null,
        1,
        1,
        1,
        1,
        1,
        null,
        null,
        null,
        1,
        1,
        1,
        1,
        1,
        null,
        null,
        null
      ],
      "/Users/tyler/hairfolio_api_v2/app/controllers/api/v1/messages_controller.rb": [
        1,
        1,
        1,
        1,
        null,
        1,
        1,
        1,
        null,
        null,
        1,
        2,
        null,
        null,
        1,
        1,
        1,
        null,
        null,
        1,
        1,
        1,
        1,
        1,
        null,
        null,
        1,
        1,
        1,
        null,
        null,
        1,
        1,
        1,
        null,
        null,
        1,
        null,
        1,
        2,
        null,
        null,
        1,
        7,
        null,
        null,
        1,
        5,
        null,
        null
      ],
      "/Users/tyler/hairfolio_api_v2/spec/controllers/api/v1/notifications_controller_spec.rb": [
        1,
        null,
        1,
        null,
        4,
        3,
        3,
        4,
        null,
        1,
        3,
        null,
        null,
        1,
        1,
        1,
        1,
        1,
        1,
        null,
        null,
        null,
        1,
        1,
        1,
        1,
        1,
        1,
        1,
        1,
        null,
        null,
        null,
        1,
        1,
        1,
        1,
        1,
        null,
        null,
        null
      ],
      "/Users/tyler/hairfolio_api_v2/app/controllers/api/v1/notifications_controller.rb": [
        1,
        1,
        null,
        1,
        2,
        2,
        2,
        2,
        null,
        null,
        1,
        1,
        1,
        null,
        null,
        null
      ],
      "/Users/tyler/hairfolio_api_v2/spec/controllers/api/v1/offerings_controller_spec.rb": [
        1,
        null,
        1,
        null,
        8,
        6,
        null,
        1,
        7,
        null,
        null,
        1,
        null,
        1,
        1,
        1,
        1,
        null,
        null,
        null,
        1,
        null,
        1,
        1,
        1,
        1,
        null,
        null,
        null,
        1,
        1,
        1,
        1,
        1,
        1,
        null,
        null,
        null,
        1,
        1,
        1,
        1,
        1,
        1,
        null,
        null,
        null,
        null,
        1,
        1,
        1,
        1,
        1,
        null,
        null,
        null,
        1,
        1,
        1,
        1,
        null,
        null,
        null,
        null,
        1,
        1,
        1,
        1,
        1,
        null,
        null,
        null
      ],
      "/Users/tyler/hairfolio_api_v2/app/controllers/api/v1/offerings_controller.rb": [
        1,
        1,
        1,
        1,
        null,
        1,
        1,
        1,
        null,
        null,
        1,
        1,
        null,
        null,
        1,
        2,
        1,
        null,
        1,
        null,
        null,
        null,
        1,
        2,
        2,
        1,
        null,
        1,
        null,
        null,
        null,
        1,
        1,
        1,
        null,
        null,
        1,
        null,
        1,
        4,
        null,
        null,
        1,
        4,
        null,
        null,
        1,
        7,
        null,
        null
      ],
      "/Users/tyler/hairfolio_api_v2/spec/controllers/api/v1/photos_controller_spec.rb": [
        1,
        null,
        1,
        null,
        3,
        3,
        null,
        1,
        2,
        null,
        null,
        1,
        1,
        1,
        1,
        1,
        null,
        null,
        null,
        1,
        1,
        1,
        1,
        null,
        null,
        null,
        null
      ],
      "/Users/tyler/hairfolio_api_v2/app/controllers/api/v1/photos_controller.rb": [
        1,
        null,
        1,
        2,
        2,
        2,
        null,
        2,
        1,
        null,
        1,
        null,
        null,
        null,
        1,
        null,
        1,
        2,
        null,
        null,
        null
      ],
      "/Users/tyler/hairfolio_api_v2/spec/controllers/api/v1/posts_controller_spec.rb": [
        1,
        null,
        1,
        null,
        11,
        11,
        2,
        2,
        null,
        1,
        10,
        10,
        10,
        10,
        10,
        null,
        null,
        1,
        1,
        1,
        1,
        1,
        null,
        null,
        1,
        1,
        1,
        1,
        null,
        null,
        null,
        null,
        1,
        1,
        1,
        1,
        1,
        null,
        null,
        null,
        1,
        1,
        1,
        1,
        1,
        1,
        1,
        1,
        1,
        1,
        1,
        1,
        1,
        1,
        1,
        1,
        1,
        1,
        null,
        null,
        null,
        1,
        1,
        1,
        1,
        null,
        null,
        null,
        null,
        1,
        1,
        1,
        1,
        1,
        null,
        null,
        1,
        1,
        1,
        null,
        null,
        1,
        1,
        1,
        null,
        null,
        null,
        1,
        1,
        1,
        1,
        null,
        null,
        null,
        null,
        1,
        1,
        1,
        1,
        null,
        null,
        null
      ],
      "/Users/tyler/hairfolio_api_v2/app/controllers/api/v1/posts_controller.rb": [
        1,
        1,
        1,
        null,
        1,
        2,
        2,
        2,
        2,
        2,
        2,
        2,
        2,
        null,
        null,
        1,
        2,
        2,
        1,
        null,
        1,
        null,
        null,
        null,
        1,
        4,
        3,
        null,
        1,
        null,
        null,
        null,
        1,
        1,
        null,
        null,
        1,
        1,
        1,
        null,
        null,
        1,
        null,
        1,
        6,
        null,
        null,
        1,
        6,
        null,
        null,
        null
      ],
      "/Users/tyler/hairfolio_api_v2/spec/controllers/api/v1/products_controller_spec.rb": [
        1,
        null,
        1,
        null,
        3,
        null,
        1,
        2,
        null,
        null,
        1,
        1,
        1,
        1,
        null,
        null,
        1,
        1,
        1,
        null,
        null,
        null
      ],
      "/Users/tyler/hairfolio_api_v2/app/controllers/api/v1/products_controller.rb": [
        1,
        null,
        1,
        2,
        2,
        2,
        2,
        null,
        null,
        null
      ],
      "/Users/tyler/hairfolio_api_v2/spec/controllers/api/v1/salons_controller_spec.rb": [
        1,
        null,
        1,
        null,
        8,
        4,
        null,
        1,
        1,
        2,
        null,
        null,
        1,
        1,
        1,
        1,
        null,
        null,
        1,
        1,
        1,
        1,
        null,
        null,
        null,
        1,
        1,
        1,
        1,
        null,
        null,
        null,
        1,
        1,
        1,
        null,
        null,
        1,
        1,
        1,
        1,
        null,
        null,
        null,
        1,
        1,
        1,
        1,
        1,
        1,
        null,
        null,
        null,
        1,
        1,
        1,
        1,
        1,
        1,
        null,
        null,
        null,
        null,
        1,
        1,
        1,
        1,
        1,
        null,
        null,
        null,
        1,
        1,
        1,
        1,
        null,
        null,
        null,
        null,
        1,
        1,
        1,
        1,
        null,
        null,
        null
      ],
      "/Users/tyler/hairfolio_api_v2/app/controllers/api/v1/salons_controller.rb": [
        1,
        1,
        1,
        null,
        1,
        2,
        2,
        2,
        2,
        2,
        2,
        2,
        2,
        null,
        null,
        1,
        1,
        null,
        null,
        1,
        2,
        2,
        1,
        null,
        1,
        null,
        null,
        null,
        1,
        2,
        1,
        null,
        1,
        null,
        null,
        null,
        1,
        1,
        1,
        null,
        null,
        1,
        1,
        null,
        null,
        1,
        null,
        1,
        5,
        null,
        null,
        1,
        4,
        null,
        null
      ],
      "/Users/tyler/hairfolio_api_v2/spec/controllers/api/v1/services_controller_spec.rb": [
        1,
        null,
        1,
        null,
        4,
        4,
        null,
        1,
        3,
        3,
        3,
        null,
        null,
        1,
        1,
        1,
        1,
        null,
        null,
        1,
        1,
        1,
        null,
        null,
        null,
        1,
        null,
        1,
        1,
        1,
        null,
        null,
        null
      ],
      "/Users/tyler/hairfolio_api_v2/app/controllers/api/v1/services_controller.rb": [
        1,
        null,
        1,
        2,
        2,
        2,
        null,
        null,
        1,
        1,
        null,
        null,
        null
      ],
      "/Users/tyler/hairfolio_api_v2/spec/controllers/api/v1/sessions_controller_spec.rb": [
        1,
        null,
        1,
        null,
        1,
        1,
        1,
        1,
        null,
        null,
        null,
        1,
        null,
        1,
        5,
        null,
        null,
        1,
        null,
        1,
        2,
        2,
        null,
        null,
        1,
        1,
        1,
        1,
        null,
        null,
        2,
        null,
        null,
        1,
        null,
        1,
        3,
        3,
        null,
        null,
        1,
        1,
        null,
        null,
        1,
        1,
        1,
        1,
        null,
        null,
        2,
        null,
        null,
        null,
        null,
        1,
        1,
        null,
        1,
        1,
        1,
        null,
        null,
        2,
        null,
        null,
        null,
        1,
        null,
        1,
        1,
        null,
        null,
        2,
        null,
        null,
        null,
        null,
        null,
        1,
        null,
        1,
        10,
        null,
        null,
        1,
        null,
        1,
        null,
        1,
        2,
        2,
        null,
        null,
        1,
        1,
        null,
        null,
        2,
        null,
        null,
        1,
        null,
        1,
        2,
        2,
        2,
        null,
        null,
        1,
        1,
        null,
        null,
        2,
        null,
        null,
        1,
        1,
        2,
        2,
        null,
        null,
        1,
        1,
        null,
        null,
        2,
        null,
        null,
        null,
        null,
        1,
        null,
        5,
        null,
        1,
        4,
        4,
        4,
        null,
        null,
        1,
        null,
        1,
        1,
        4,
        null,
        null,
        null,
        1,
        null,
        1,
        1,
        1,
        null,
        null,
        1,
        1,
        null,
        null,
        2,
        null,
        null,
        null,
        null,
        null,
        1,
        2,
        null,
        1,
        10,
        null,
        null,
        1,
        null,
        1,
        null,
        1,
        2,
        2,
        null,
        null,
        1,
        1,
        null,
        null,
        2,
        null,
        null,
        1,
        null,
        1,
        2,
        2,
        2,
        null,
        null,
        1,
        1,
        null,
        null,
        2,
        null,
        null,
        1,
        1,
        2,
        2,
        null,
        null,
        1,
        1,
        null,
        null,
        2,
        null,
        null,
        null,
        null,
        1,
        1,
        3,
        3,
        3,
        null,
        null,
        1,
        1,
        1,
        4,
        null,
        null,
        null,
        1,
        null,
        1,
        1,
        null,
        null,
        2,
        null,
        null,
        null,
        1,
        1,
        1,
        null,
        null,
        1,
        1,
        4,
        null,
        null,
        null,
        null,
        1,
        1,
        3,
        null,
        1,
        1,
        1,
        null,
        null,
        1,
        1,
        1,
        null,
        null,
        null,
        1,
        1,
        1,
        1,
        null,
        null,
        1,
        1,
        1,
        1,
        1,
        null,
        null,
        null,
        null,
        null
      ],
      "/Users/tyler/hairfolio_api_v2/app/controllers/api/v1/sessions_controller.rb": [
        1,
        null,
        1,
        11,
        11,
        9,
        9,
        9,
        9,
        null,
        9,
        1,
        1,
        1,
        1,
        8,
        4,
        4,
        4,
        4,
        4,
        null,
        4,
        4,
        2,
        2,
        2,
        2,
        null,
        2,
        null,
        null,
        null,
        2,
        null,
        null,
        null,
        1,
        11,
        11,
        7,
        7,
        7,
        1,
        1,
        1,
        1,
        6,
        1,
        1,
        1,
        1,
        1,
        null,
        5,
        5,
        5,
        5,
        5,
        5,
        null,
        0,
        null,
        null,
        null,
        4,
        null,
        null,
        null,
        1,
        6,
        6,
        6,
        null,
        6,
        2,
        2,
        2,
        2,
        null,
        4,
        null,
        null,
        null,
        1,
        4,
        4,
        2,
        null,
        2,
        2,
        2,
        null,
        2,
        null,
        null,
        null,
        1,
        2,
        2,
        1,
        1,
        1,
        null,
        1,
        null,
        null,
        null,
        1,
        1,
        null,
        null,
        null,
        null,
        null,
        null,
        null,
        null,
        null
      ],
      "/Users/tyler/hairfolio_api_v2/spec/controllers/api/v1/tags_controller_spec.rb": [
        1,
        null,
        1,
        null,
        9,
        5,
        null,
        1,
        8,
        null,
        null,
        1,
        1,
        3,
        null,
        null,
        1,
        1,
        1,
        null,
        null,
        1,
        1,
        1,
        null,
        null,
        1,
        1,
        1,
        1,
        1,
        null,
        null,
        null,
        1,
        1,
        1,
        1,
        null,
        null,
        null,
        1,
        1,
        1,
        1,
        null,
        null,
        null,
        null,
        1,
        1,
        1,
        1,
        1,
        null,
        null,
        null,
        1,
        1,
        1,
        1,
        null,
        null,
        null,
        null,
        1,
        1,
        1,
        null,
        null,
        1,
        1,
        1,
        1,
        null,
        null,
        null,
        null
      ],
      "/Users/tyler/hairfolio_api_v2/app/controllers/api/v1/tags_controller.rb": [
        1,
        1,
        1,
        null,
        1,
        3,
        3,
        3,
        null,
        null,
        3,
        3,
        3,
        3,
        null,
        null,
        1,
        1,
        1,
        null,
        null,
        1,
        1,
        null,
        null,
        1,
        1,
        null,
        null,
        1,
        null,
        null,
        1,
        2,
        2,
        1,
        null,
        1,
        null,
        null,
        null,
        1,
        null,
        1,
        2,
        null,
        null,
        1,
        2,
        null,
        null,
        null
      ],
      "/Users/tyler/hairfolio_api_v2/spec/controllers/api/v1/users_controller_spec.rb": [
        1,
        null,
        1,
        null,
        14,
        null,
        1,
        1,
        4,
        null,
        null,
        1,
        1,
        1,
        1,
        null,
        null,
        1,
        1,
        1,
        1,
        null,
        null,
        1,
        1,
        1,
        1,
        null,
        null,
        1,
        1,
        1,
        null,
        1,
        1,
        null,
        null,
        null,
        1,
        1,
        1,
        1,
        null,
        null,
        null,
        1,
        1,
        1,
        1,
        1,
        1,
        1,
        1,
        1,
        1,
        1,
        1,
        null,
        null,
        null,
        1,
        1,
        1,
        1,
        1,
        1,
        null,
        null,
        null,
        null,
        1,
        1,
        1,
        1,
        1,
        null,
        null,
        1,
        1,
        1,
        1,
        1,
        null,
        null,
        1,
        1,
        1,
        1,
        1,
        null,
        null,
        1,
        1,
        1,
        1,
        null,
        null,
        null,
        null,
        1,
        1,
        1,
        1,
        null,
        null,
        null,
        null,
        1,
        1,
        1,
        1,
        1,
        null,
        null,
        null,
        1,
        1,
        1,
        1,
        1,
        null,
        null,
        null,
        1,
        1,
        1,
        1,
        null,
        null,
        null
      ],
      "/Users/tyler/hairfolio_api_v2/app/controllers/api/v1/users_controller.rb": [
        1,
        1,
        1,
        null,
        1,
        4,
        4,
        4,
        4,
        4,
        4,
        null,
        null,
        1,
        1,
        null,
        null,
        1,
        2,
        2,
        1,
        null,
        1,
        null,
        null,
        null,
        1,
        5,
        4,
        null,
        1,
        null,
        null,
        null,
        1,
        1,
        1,
        null,
        null,
        1,
        1,
        1,
        null,
        null,
        1,
        1,
        1,
        null,
        null,
        1,
        null,
        1,
        7,
        null,
        null,
        1,
        9,
        null,
        null,
        null
      ],
      "/Users/tyler/hairfolio_api_v2/spec/models/authentication_spec.rb": [
        1,
        null,
        1,
        null,
        4,
        null,
        1,
        1,
        null,
        null,
        1,
        1,
        1,
        1,
        null,
        null,
        1,
        1,
        1,
        null,
        null,
        null
      ],
      "/Users/tyler/hairfolio_api_v2/app/models/authentication.rb": [
        1,
        1,
        1,
        1,
        null,
        1,
        null,
        1,
        1,
        null,
        1,
        null,
        null,
        1,
        6,
        null,
        null,
        null,
        null,
        null,
        null,
        null,
        null,
        1,
        6,
        null,
        null,
        null,
        null,
        null,
        null,
        null,
        null,
        1,
        12,
        6,
        null,
        6,
        null,
        null,
        null
      ],
      "/Users/tyler/hairfolio_api_v2/spec/models/block_spec.rb": [
        1,
        null,
        1,
        4,
        null,
        1,
        1,
        null,
        null,
        1,
        1,
        1,
        1,
        null,
        null,
        1,
        1,
        1,
        null,
        null,
        null
      ],
      "/Users/tyler/hairfolio_api_v2/app/models/block.rb": [
        1,
        1,
        1,
        null,
        1,
        null
      ],
      "/Users/tyler/hairfolio_api_v2/spec/models/brand_spec.rb": [
        1,
        null,
        1,
        null,
        3,
        null,
        1,
        1,
        null,
        null,
        1,
        1,
        1,
        1,
        null,
        null,
        null
      ],
      "/Users/tyler/hairfolio_api_v2/app/models/brand.rb": [
        1,
        1,
        1,
        1,
        null
      ],
      "/Users/tyler/hairfolio_api_v2/spec/models/category_spec.rb": [
        1,
        null,
        1,
        null,
        3,
        null,
        1,
        1,
        null,
        null,
        1,
        1,
        1,
        1,
        null,
        null,
        null
      ],
      "/Users/tyler/hairfolio_api_v2/app/models/category.rb": [
        1,
        1,
        null
      ],
      "/Users/tyler/hairfolio_api_v2/spec/models/certificate_spec.rb": [
        1,
        null,
        1,
        null,
        3,
        null,
        1,
        1,
        null,
        null,
        1,
        1,
        1,
        1,
        null,
        null,
        null
      ],
      "/Users/tyler/hairfolio_api_v2/app/models/certificate.rb": [
        1,
        1,
        1,
        null
      ],
      "/Users/tyler/hairfolio_api_v2/spec/models/color_spec.rb": [
        1,
        null,
        1,
        null,
        5,
        null,
        1,
        1,
        null,
        null,
        1,
        1,
        1,
        1,
        null,
        null,
        1,
        1,
        1,
        null,
        null,
        1,
        1,
        1,
        null,
        null,
        null
      ],
      "/Users/tyler/hairfolio_api_v2/app/models/color.rb": [
        1,
        1,
        1,
        null,
        1,
        1,
        1,
        1,
        null,
        null
      ],
      "/Users/tyler/hairfolio_api_v2/spec/models/comment_spec.rb": [
        1,
        null,
        1,
        null,
        5,
        null,
        1,
        1,
        null,
        null,
        1,
        1,
        1,
        1,
        null,
        null,
        1,
        1,
        1,
        null,
        null,
        1,
        1,
        1,
        null,
        null,
        null
      ],
      "/Users/tyler/hairfolio_api_v2/app/models/comment.rb": [
        1,
        1,
        1,
        1,
        null
      ],
      "/Users/tyler/hairfolio_api_v2/app/models/post.rb": [
        1,
        1,
        1,
        1,
        1,
        1,
        1,
        1,
        1,
        1,
        1,
        null,
        184,
        null,
        2,
        1,
        null
      ],
      "/Users/tyler/hairfolio_api_v2/spec/models/contact_spec.rb": [
        1,
        null,
        1,
        null,
        3,
        null,
        1,
        1,
        null,
        null,
        1,
        1,
        1,
        1,
        null,
        null,
        null
      ],
      "/Users/tyler/hairfolio_api_v2/app/models/contact.rb": [
        1,
        1,
        1,
        1,
        1,
        1,
        1,
        1,
        null
      ],
      "/Users/tyler/hairfolio_api_v2/spec/models/conversation_spec.rb": [
        1,
        null,
        1,
        null,
        3,
        null,
        1,
        1,
        null,
        null,
        1,
        1,
        1,
        1,
        null,
        null,
        null
      ],
      "/Users/tyler/hairfolio_api_v2/app/models/conversation.rb": [
        1,
        1,
        null,
        1,
        1,
        68,
        1,
        null,
        null,
        3,
        null,
        1,
        8,
        null,
        null,
        1,
        2,
        2,
        2,
        null,
        null,
        1,
        null,
        1,
        4,
        null,
        null
      ],
      "/Users/tyler/hairfolio_api_v2/spec/models/degree_spec.rb": [
        1,
        null,
        1,
        null,
        3,
        null,
        1,
        1,
        null,
        null,
        1,
        1,
        1,
        1,
        null,
        null,
        null
      ],
      "/Users/tyler/hairfolio_api_v2/app/models/degree.rb": [
        1,
        1,
        1,
        null
      ],
      "/Users/tyler/hairfolio_api_v2/spec/models/education_spec.rb": [
        1,
        null,
        1,
        null,
        6,
        null,
        1,
        1,
        null,
        null,
        1,
        1,
        1,
        1,
        null,
        null,
        1,
        1,
        1,
        null,
        null,
        1,
        1,
        1,
        null,
        null,
        1,
        1,
        1,
        null,
        null,
        null
      ],
      "/Users/tyler/hairfolio_api_v2/app/models/education.rb": [
        1,
        1,
        1,
        null,
        1,
        null
      ],
      "/Users/tyler/hairfolio_api_v2/spec/models/email_spec.rb": [
        1,
        null,
        1,
        null,
        4,
        null,
        1,
        1,
        null,
        null,
        1,
        1,
        1,
        1,
        null,
        null,
        1,
        1,
        1,
        null,
        null,
        null
      ],
      "/Users/tyler/hairfolio_api_v2/app/models/email.rb": [
        1,
        1,
        1,
        1,
        null
      ],
      "/Users/tyler/hairfolio_api_v2/spec/models/experience_spec.rb": [
        1,
        null,
        1,
        null,
        3,
        null,
        1,
        1,
        null,
        null,
        1,
        1,
        1,
        1,
        null,
        null,
        null
      ],
      "/Users/tyler/hairfolio_api_v2/app/models/experience.rb": [
        1,
        1,
        1,
        null
      ],
      "/Users/tyler/hairfolio_api_v2/spec/models/folio_spec.rb": [
        1,
        null,
        1,
        null,
        4,
        null,
        1,
        1,
        null,
        null,
        1,
        1,
        1,
        1,
        null,
        null,
        1,
        1,
        1,
        null,
        null,
        null
      ],
      "/Users/tyler/hairfolio_api_v2/app/models/folio.rb": [
        1,
        1,
        1,
        23,
        null
      ],
      "/Users/tyler/hairfolio_api_v2/spec/models/follow_spec.rb": [
        1,
        null,
        1,
        null,
        4,
        null,
        1,
        1,
        null,
        null,
        1,
        1,
        1,
        1,
        null,
        null,
        1,
        1,
        1,
        null,
        null,
        null
      ],
      "/Users/tyler/hairfolio_api_v2/app/models/follow.rb": [
        1,
        1,
        1,
        1,
        1,
        1,
        null,
        1,
        15,
        null,
        null
      ],
      "/Users/tyler/hairfolio_api_v2/spec/models/formula_spec.rb": [
        1,
        null,
        1,
        null,
        3,
        null,
        1,
        1,
        null,
        null,
        1,
        1,
        1,
        1,
        null,
        null,
        null,
        null,
        null,
        null,
        null,
        null,
        null,
        null,
        null,
        null,
        null,
        null,
        null,
        null,
        null,
        null,
        null
      ],
      "/Users/tyler/hairfolio_api_v2/app/models/formula.rb": [
        1,
        1,
        1,
        1,
        1,
        1,
        1,
        1,
        null
      ],
      "/Users/tyler/hairfolio_api_v2/spec/models/harmony_spec.rb": [
        1,
        null,
        1,
        null,
        4,
        null,
        1,
        1,
        null,
        null,
        1,
        1,
        1,
        1,
        null,
        null,
        1,
        1,
        1,
        null,
        null,
        null
      ],
      "/Users/tyler/hairfolio_api_v2/app/models/harmony.rb": [
        1,
        1,
        1,
        1,
        null,
        1,
        2,
        2,
        null,
        null,
        6,
        4,
        null,
        null,
        2,
        2,
        2,
        null,
        2,
        null,
        null
      ],
      "/Users/tyler/hairfolio_api_v2/spec/models/label_spec.rb": [
        1,
        null,
        1,
        null,
        4,
        null,
        1,
        1,
        null,
        null,
        1,
        null,
        1,
        1,
        1,
        null,
        null,
        1,
        1,
        1,
        null,
        null,
        null
      ],
      "/Users/tyler/hairfolio_api_v2/app/models/label.rb": [
        1,
        1,
        1,
        1,
        1,
        1,
        null,
        1,
        null
      ],
      "/Users/tyler/hairfolio_api_v2/app/models/tag.rb": [
        1,
        1,
        1,
        1,
        1,
        1,
        1,
        1,
        1,
        1,
        null,
        1,
        37,
        null,
        null
      ],
      "/Users/tyler/hairfolio_api_v2/spec/models/like_spec.rb": [
        1,
        null,
        1,
        null,
        4,
        null,
        1,
        1,
        null,
        null,
        1,
        1,
        1,
        1,
        null,
        null,
        1,
        1,
        1,
        null,
        null,
        null
      ],
      "/Users/tyler/hairfolio_api_v2/app/models/like.rb": [
        1,
        1,
        1,
        1,
        1,
        1,
        1,
        null,
        1,
        7,
        null,
        null
      ],
      "/Users/tyler/hairfolio_api_v2/spec/models/line_spec.rb": [
        1,
        null,
        1,
        null,
        5,
        null,
        1,
        1,
        null,
        null,
        1,
        1,
        1,
        1,
        null,
        null,
        1,
        1,
        1,
        null,
        null,
        1,
        1,
        1,
        null,
        null,
        null
      ],
      "/Users/tyler/hairfolio_api_v2/app/models/line.rb": [
        1,
        1,
        1,
        1,
        null
      ],
      "/Users/tyler/hairfolio_api_v2/spec/models/message_spec.rb": [
        1,
        null,
        1,
        null,
        2,
        null,
        1,
        1,
        null,
        null
      ],
      "/Users/tyler/hairfolio_api_v2/app/models/message.rb": [
        1,
        1,
        1,
        1,
        1,
        null
      ],
      "/Users/tyler/hairfolio_api_v2/spec/models/notification_spec.rb": [
        1,
        null,
        1,
        null,
        5,
        null,
        1,
        1,
        null,
        null,
        1,
        1,
        1,
        1,
        null,
        null,
        1,
        1,
        1,
        null,
        null,
        1,
        1,
        1,
        null,
        null,
        null
      ],
      "/Users/tyler/hairfolio_api_v2/app/models/notification.rb": [
        1,
        1,
        1,
        1,
        2,
        null
      ],
      "/Users/tyler/hairfolio_api_v2/spec/models/offering_spec.rb": [
        1,
        null,
        1,
        null,
        5,
        null,
        1,
        1,
        null,
        null,
        1,
        null,
        1,
        1,
        1,
        null,
        null,
        1,
        1,
        1,
        null,
        null,
        1,
        1,
        1,
        null,
        null,
        null
      ],
      "/Users/tyler/hairfolio_api_v2/app/models/offering.rb": [
        1,
        1,
        1,
        1,
        1,
        null
      ],
      "/Users/tyler/hairfolio_api_v2/spec/models/phone_spec.rb": [
        1,
        null,
        1,
        null,
        4,
        null,
        1,
        1,
        null,
        null,
        1,
        1,
        1,
        1,
        null,
        null,
        1,
        1,
        1,
        null,
        null,
        null
      ],
      "/Users/tyler/hairfolio_api_v2/app/models/phone.rb": [
        1,
        1,
        1,
        1,
        null
      ],
      "/Users/tyler/hairfolio_api_v2/spec/models/photo_spec.rb": [
        1,
        null,
        1,
        null,
        3,
        null,
        1,
        1,
        null,
        null,
        1,
        1,
        1,
        1,
        null,
        null,
        null
      ],
      "/Users/tyler/hairfolio_api_v2/app/models/photo.rb": [
        1,
        1,
        1,
        1,
        1,
        1,
        1,
        null,
        1,
        null,
        1,
        35,
        1,
        null,
        null,
        null
      ],
      "/Users/tyler/hairfolio_api_v2/spec/models/post_spec.rb": [
        1,
        null,
        1,
        null,
        4,
        null,
        1,
        1,
        null,
        null,
        1,
        1,
        1,
        1,
        null,
        null,
        1,
        1,
        1,
        null,
        null,
        null
      ],
      "/Users/tyler/hairfolio_api_v2/spec/models/product_spec.rb": [
        1,
        null,
        1,
        null,
        4,
        null,
        1,
        1,
        null,
        1,
        1,
        1,
        1,
        null,
        null,
        1,
        1,
        1,
        null,
        null,
        null
      ],
      "/Users/tyler/hairfolio_api_v2/app/models/product.rb": [
        1,
        1,
        1,
        null,
        1,
        null,
        1,
        2,
        2,
        2,
        null,
        0,
        null,
        null,
        2,
        null,
        null,
        null
      ],
      "/Users/tyler/hairfolio_api_v2/spec/models/provider_spec.rb": [
        1,
        null,
        1,
        null,
        3,
        null,
        1,
        1,
        null,
        null,
        1,
        1,
        1,
        1,
        null,
        null,
        null
      ],
      "/Users/tyler/hairfolio_api_v2/app/models/provider.rb": [
        1,
        1,
        1,
        null
      ],
      "/Users/tyler/hairfolio_api_v2/spec/models/salon_spec.rb": [
        1,
        null,
        1,
        null,
        3,
        null,
        1,
        1,
        null,
        1,
        1,
        1,
        1,
        null,
        null,
        null
      ],
      "/Users/tyler/hairfolio_api_v2/app/models/salon.rb": [
        1,
        1,
        1,
        1,
        1,
        null,
        1,
        null,
        1,
        24,
        null,
        null
      ],
      "/Users/tyler/hairfolio_api_v2/spec/models/service_spec.rb": [
        1,
        null,
        1,
        null,
        3,
        null,
        1,
        1,
        null,
        null,
        1,
        1,
        1,
        1,
        null,
        null,
        null
      ],
      "/Users/tyler/hairfolio_api_v2/app/models/service.rb": [
        1,
        1,
        1,
        null
      ],
      "/Users/tyler/hairfolio_api_v2/spec/models/tag_spec.rb": [
        1,
        null,
        1,
        null,
        3,
        null,
        1,
        1,
        null,
        1,
        1,
        1,
        1,
        null,
        null,
        null
      ],
      "/Users/tyler/hairfolio_api_v2/spec/models/treatment_spec.rb": [
        1,
        null,
        1,
        null,
        4,
        null,
        1,
        1,
        null,
        null,
        1,
        1,
        1,
        1,
        null,
        null,
        1,
        1,
        1,
        null,
        null,
        null
      ],
      "/Users/tyler/hairfolio_api_v2/app/models/treatment.rb": [
        1,
        1,
        1,
        1,
        null
      ],
      "/Users/tyler/hairfolio_api_v2/spec/models/user_spec.rb": [
        1,
        null,
        1,
        null,
        2,
        null,
        1,
        1,
        null,
        null
      ],
      "/Users/tyler/hairfolio_api_v2/spec/models/video_spec.rb": [
        1,
        null,
        1,
        null,
        3,
        null,
        1,
        1,
        null,
        null,
        1,
        1,
        1,
        1,
        null,
        null,
        null
      ],
      "/Users/tyler/hairfolio_api_v2/app/models/video.rb": [
        1,
        1,
        1,
        null
      ],
      "/Users/tyler/hairfolio_api_v2/app/serializers/user_minimal_serializer.rb": [
        1,
        1,
        null,
        1,
        46,
        null,
        null,
        1,
        46,
        null,
        null,
        1,
        46,
        null,
        null,
        1,
        46,
        null,
        null
      ],
      "/Users/tyler/hairfolio_api_v2/app/serializers/brand_serializer.rb": [
        1,
        1,
        1,
        null,
        null
      ],
      "/Users/tyler/hairfolio_api_v2/app/serializers/service_serializer.rb": [
        1,
        1,
        null,
        null
      ],
      "/Users/tyler/hairfolio_api_v2/app/serializers/category_serializer.rb": [
        1,
        1,
        null
      ],
      "/Users/tyler/hairfolio_api_v2/app/serializers/certificate_serializer.rb": [
        1,
        1,
        null
      ],
      "/Users/tyler/hairfolio_api_v2/app/serializers/comment_serializer.rb": [
        1,
        1,
        null,
        1,
        3,
        null,
        null
      ],
      "/Users/tyler/hairfolio_api_v2/app/serializers/user_serializer.rb": [
        1,
        1,
        1,
        1,
        1,
        1,
        null,
        1,
        68,
        null,
        null,
        1,
        66,
        null,
        null,
        1,
        66,
        null,
        null,
        1,
        66,
        null,
        null,
        1,
        66,
        null,
        null,
        null,
        null,
        null,
        null,
        null,
        null,
        null,
        null,
        1,
        66,
        null,
        null,
        1,
        66,
        null,
        null
      ],
      "/Users/tyler/hairfolio_api_v2/app/serializers/contact_serializer.rb": [
        1,
        1,
        1,
        1,
        null,
        1,
        4,
        null,
        null
      ],
      "/Users/tyler/hairfolio_api_v2/app/serializers/email_serializer.rb": [
        1,
        1,
        null
      ],
      "/Users/tyler/hairfolio_api_v2/app/serializers/phone_serializer.rb": [
        1,
        1,
        null
      ],
      "/Users/tyler/hairfolio_api_v2/app/serializers/conversation_serializer.rb": [
        1,
        1,
        null,
        1,
        12,
        null,
        null,
        1,
        4,
        null,
        null,
        1,
        4,
        null,
        null,
        1,
        8,
        null,
        null
      ],
      "/Users/tyler/hairfolio_api_v2/app/serializers/message_minimal_serializer.rb": [
        1,
        1,
        null,
        1,
        4,
        null,
        null,
        1,
        4,
        null,
        null
      ],
      "/Users/tyler/hairfolio_api_v2/app/serializers/post_minimal_serializer.rb": [
        1,
        1,
        1,
        null,
        1,
        4,
        null,
        null,
        1,
        4,
        null,
        null,
        null
      ],
      "/Users/tyler/hairfolio_api_v2/app/serializers/degree_serializer.rb": [
        1,
        1,
        null
      ],
      "/Users/tyler/hairfolio_api_v2/app/serializers/education_serializer.rb": [
        1,
        1,
        1,
        null
      ],
      "/Users/tyler/hairfolio_api_v2/app/serializers/experience_serializer.rb": [
        1,
        1,
        null
      ],
      "/Users/tyler/hairfolio_api_v2/app/serializers/folio_serializer.rb": [
        1,
        1,
        null,
        1,
        5,
        null,
        null,
        1,
        5,
        null,
        null
      ],
      "/Users/tyler/hairfolio_api_v2/app/serializers/post_serializer.rb": [
        1,
        1,
        1,
        1,
        1,
        null,
        null,
        null,
        null,
        null,
        1,
        29,
        null,
        null,
        null
      ],
      "/Users/tyler/hairfolio_api_v2/app/serializers/harmony_serializer.rb": [
        1,
        1,
        null,
        1,
        2,
        null,
        null,
        1,
        4,
        null,
        null
      ],
      "/Users/tyler/hairfolio_api_v2/app/serializers/line_serializer.rb": [
        1,
        1,
        null,
        1,
        9,
        null,
        null,
        1,
        9,
        null,
        null
      ],
      "/Users/tyler/hairfolio_api_v2/app/serializers/color_serializer.rb": [
        1,
        1,
        null
      ],
      "/Users/tyler/hairfolio_api_v2/app/serializers/like_serializer.rb": [
        1,
        1,
        null,
        1,
        4,
        null,
        null,
        1,
        4,
        null,
        null,
        null
      ],
      "/Users/tyler/hairfolio_api_v2/app/serializers/message_serializer.rb": [
        1,
        1,
        null,
        1,
        5,
        null,
        null,
        1,
        5,
        null,
        null
      ],
      "/Users/tyler/hairfolio_api_v2/app/serializers/notification_serializer.rb": [
        1,
        1,
        null,
        1,
        6,
        null,
        null,
        4,
        null,
        null,
        2,
        null,
        null,
        null,
        1,
        6,
        null,
        null,
        1,
        6,
        null,
        null,
        1,
        null,
        6,
        null,
        4,
        null,
        2,
        null,
        null,
        null
      ],
      "/Users/tyler/hairfolio_api_v2/app/serializers/follow_serializer.rb": [
        1,
        1,
        null,
        1,
        4,
        null,
        null,
        1,
        4,
        null,
        null
      ],
      "/Users/tyler/hairfolio_api_v2/app/serializers/offering_serializer.rb": [
        1,
        1,
        1,
        1,
        null
      ],
      "/Users/tyler/hairfolio_api_v2/app/serializers/photo_serializer.rb": [
        1,
        1,
        1,
        null,
        null,
        null,
        null,
        null,
        null
      ],
      "/Users/tyler/hairfolio_api_v2/app/serializers/label_serializer.rb": [
        1,
        1,
        1,
        1,
        null,
        1,
        15,
        null,
        null,
        null,
        null,
        null,
        null,
        null,
        null,
        null,
        null
      ],
      "/Users/tyler/hairfolio_api_v2/app/serializers/formula_serializer.rb": [
        1,
        1,
        1,
        null,
        null,
        null,
        null,
        null,
        null,
        null,
        null,
        null
      ],
      "/Users/tyler/hairfolio_api_v2/app/serializers/tag_serializer.rb": [
        1,
        1,
        null
      ],
      "/Users/tyler/hairfolio_api_v2/app/serializers/product_serializer.rb": [
        1,
        1,
        1,
        null,
        null
      ],
      "/Users/tyler/hairfolio_api_v2/app/serializers/user_nested_serializer.rb": [
        1,
        1,
        1,
        1,
        1,
        1,
        null,
        1,
        2,
        null,
        null,
        1,
        2,
        null,
        null,
        1,
        2,
        null,
        null,
        1,
        2,
        null,
        null,
        1,
        2,
        null,
        null,
        1,
        2,
        null,
        null
      ],
      "/Users/tyler/hairfolio_api_v2/app/serializers/salon_serializer.rb": [
        1,
        1,
        null
      ],
      "/Users/tyler/hairfolio_api_v2/app/mailers/user_mailer.rb": [
        1,
        1,
        null,
        1,
        2,
        2,
        2,
        null,
        null
      ]
    },
    "timestamp": 1519165590
  }
}
